[
  {
    "level": "INFO",
    "message": "Start JSON generation. Platform version: 21 min SDK version: arm64-v8a"
  },
  {
    "level": "INFO",
    "message": "rebuilding JSON E:\\AndroidStudioprojects\\youbesun\\LearnExamples\\binderlearn\\.cxx\\cmake\\release\\arm64-v8a\\android_gradle_build.json due to:"
  },
  {
    "level": "INFO",
    "message": "- expected json E:\\AndroidStudioprojects\\youbesun\\LearnExamples\\binderlearn\\.cxx\\cmake\\release\\arm64-v8a\\android_gradle_build.json file is not present, will remove stale json folder"
  },
  {
    "level": "INFO",
    "message": "- missing previous command file E:\\AndroidStudioprojects\\youbesun\\LearnExamples\\binderlearn\\.cxx\\cmake\\release\\arm64-v8a\\build_command.txt, will remove stale json folder"
  },
  {
    "level": "INFO",
    "message": "- command changed from previous, will remove stale json folder"
  },
  {
    "level": "INFO",
    "message": "removing stale contents from \u0027E:\\AndroidStudioprojects\\youbesun\\LearnExamples\\binderlearn\\.cxx\\cmake\\release\\arm64-v8a\u0027"
  },
  {
    "level": "INFO",
    "message": "created folder \u0027E:\\AndroidStudioprojects\\youbesun\\LearnExamples\\binderlearn\\.cxx\\cmake\\release\\arm64-v8a\u0027"
  },
  {
    "level": "INFO",
    "message": "executing cmake Executable : E:\\Users\\wfy\\AppData\\Local\\Android\\sdk\\cmake\\3.10.2.4988404\\bin\\cmake.exe\narguments : \n-HE:\\AndroidStudioprojects\\youbesun\\LearnExamples\\binderlearn\\src\\main\\cpp\n-BE:\\AndroidStudioprojects\\youbesun\\LearnExamples\\binderlearn\\.cxx\\cmake\\release\\arm64-v8a\n-DANDROID_ABI\u003darm64-v8a\n-DANDROID_PLATFORM\u003dandroid-21\n-DCMAKE_LIBRARY_OUTPUT_DIRECTORY\u003dE:\\AndroidStudioprojects\\youbesun\\LearnExamples\\binderlearn\\build\\intermediates\\cmake\\release\\obj\\arm64-v8a\n-DCMAKE_BUILD_TYPE\u003dRelease\n-DANDROID_NDK\u003dE:\\Users\\wfy\\AppData\\Local\\Android\\sdk\\ndk\\21.1.6352462\n-DCMAKE_CXX_FLAGS\u003d\n-DCMAKE_SYSTEM_NAME\u003dAndroid\n-DCMAKE_ANDROID_ARCH_ABI\u003darm64-v8a\n-DCMAKE_SYSTEM_VERSION\u003d21\n-DCMAKE_EXPORT_COMPILE_COMMANDS\u003dON\n-DCMAKE_ANDROID_NDK\u003dE:\\Users\\wfy\\AppData\\Local\\Android\\sdk\\ndk\\21.1.6352462\n-DCMAKE_TOOLCHAIN_FILE\u003dE:\\Users\\wfy\\AppData\\Local\\Android\\sdk\\ndk\\21.1.6352462\\build\\cmake\\android.toolchain.cmake\n-G Ninja\n-DCMAKE_MAKE_PROGRAM\u003dE:\\Users\\wfy\\AppData\\Local\\Android\\sdk\\cmake\\3.10.2.4988404\\bin\\ninja.exe\njvmArgs : \n\n"
  },
  {
    "level": "INFO",
    "message": "JSON generation completed with problem. Exception: com.android.ide.common.process.ProcessException: Error configuring CMake server (E:\\Users\\wfy\\AppData\\Local\\Android\\sdk\\cmake\\3.10.2.4988404\\bin).\r\nCheck for working C compiler: E:/Users/wfy/AppData/Local/Android/sdk/ndk/21.1.6352462/toolchains/llvm/prebuilt/windows-x86_64/bin/clang.exe\nCheck for working C compiler: E:/Users/wfy/AppData/Local/Android/sdk/ndk/21.1.6352462/toolchains/llvm/prebuilt/windows-x86_64/bin/clang.exe -- broken\nCMake Error at E:/Users/wfy/AppData/Local/Android/sdk/cmake/3.10.2.4988404/share/cmake-3.10/Modules/CMakeTestCCompiler.cmake:52 (message):\n  The C compiler\n\n    \"E:/Users/wfy/AppData/Local/Android/sdk/ndk/21.1.6352462/toolchains/llvm/prebuilt/windows-x86_64/bin/clang.exe\"\n\n  is not able to compile a simple test program.\n\n  It fails with the following output:\n\n    Change Dir: E:/AndroidStudioprojects/youbesun/LearnExamples/binderlearn/.cxx/cmake/release/arm64-v8a/CMakeFiles/CMakeTmp\n    \n    Run Build Command:\"E:\\Users\\wfy\\AppData\\Local\\Android\\sdk\\cmake\\3.10.2.4988404\\bin\\ninja.exe\" \"cmTC_6d77f\"\n    [0/1] Re-running CMake...\r\n    -- The C compiler identification is Clang 9.0.8\n    -- Check for working C compiler: E:/Users/wfy/AppData/Local/Android/sdk/ndk/21.1.6352462/toolchains/llvm/prebuilt/windows-x86_64/bin/clang.exe\n    -- Check for working C compiler: E:/Users/wfy/AppData/Local/Android/sdk/ndk/21.1.6352462/toolchains/llvm/prebuilt/windows-x86_64/bin/clang.exe -- broken\n    CMake Error at E:/Users/wfy/AppData/Local/Android/sdk/cmake/3.10.2.4988404/share/cmake-3.10/Modules/CMakeTestCCompiler.cmake:52 (message):\n      The C compiler\n    \n        \"E:/Users/wfy/AppData/Local/Android/sdk/ndk/21.1.6352462/toolchains/llvm/prebuilt/windows-x86_64/bin/clang.exe\"\n    \n      is not able to compile a simple test program.\n    \n      It fails with the following output:\n    \n        Change Dir: E:/AndroidStudioprojects/youbesun/LearnExamples/binderlearn/.cxx/cmake/release/arm64-v8a/CMakeFiles/CMakeTmp/CMakeFiles/CMakeTmp\n        \n        Run Build Command:\"E:/Users/wfy/AppData/Local/Android/sdk/cmake/3.10.2.4988404/bin/ninja.exe\" \"cmTC_018d2\"\n        [1/2] Building C object CMakeFiles/cmTC_018d2.dir/testCCompiler.c.obj\r\n        [2/2] Linking C executable cmTC_018d2.exe\r\n        FAILED: cmTC_018d2.exe \r\n        cmd.exe /C \"cd . \u0026\u0026 E:\\Users\\wfy\\AppData\\Local\\Android\\sdk\\ndk\\21.1.6352462\\toolchains\\llvm\\prebuilt\\windows-x86_64\\bin\\clang.exe --target\u003daarch64-none-linux-android21 --gcc-toolchain\u003dE:/Users/wfy/AppData/Local/Android/sdk/ndk/21.1.6352462/toolchains/llvm/prebuilt/windows-x86_64 --sysroot\u003dE:/Users/wfy/AppData/Local/Android/sdk/ndk/21.1.6352462/toolchains/llvm/prebuilt/windows-x86_64/sysroot    CMakeFiles/cmTC_018d2.dir/testCCompiler.c.obj  -o cmTC_018d2.exe -Wl,--out-implib,libcmTC_018d2.dll.a -Wl,--major-image-version,0,--minor-image-version,0  -lkernel32 -luser32 -lgdi32 -lwinspool -lshell32 -lole32 -loleaut32 -luuid -lcomdlg32 -ladvapi32 \u0026\u0026 cd .\"\r\n        E:/Users/wfy/AppData/Local/Android/sdk/ndk/21.1.6352462/toolchains/llvm/prebuilt/windows-x86_64/lib/gcc/aarch64-linux-android/4.9.x/../../../../aarch64-linux-android/bin\\ld: unrecognized option \u0027--out-implib\u0027\r\n        E:/Users/wfy/AppData/Local/Android/sdk/ndk/21.1.6352462/toolchains/llvm/prebuilt/windows-x86_64/lib/gcc/aarch64-linux-android/4.9.x/../../../../aarch64-linux-android/bin\\ld: use the --help option for usage information\r\n        clang: error: linker command failed with exit code 1 (use -v to see invocation)\r\n        ninja: build stopped: subcommand failed.\r\n        \n    \n      \n    \n      CMake will not be able to correctly generate this project.\n    Call Stack (most recent call first):\n      CMakeLists.txt:2 (project)\n    \n    \n    -- Configuring incomplete, errors occurred!\n    See also \"E:/AndroidStudioprojects/youbesun/LearnExamples/binderlearn/.cxx/cmake/release/arm64-v8a/CMakeFiles/CMakeTmp/CMakeFiles/CMakeOutput.log\".\n    See also \"E:/AndroidStudioprojects/youbesun/LearnExamples/binderlearn/.cxx/cmake/release/arm64-v8a/CMakeFiles/CMakeTmp/CMakeFiles/CMakeError.log\".\n    FAILED: build.ninja \r\n    E:\\Users\\wfy\\AppData\\Local\\Android\\sdk\\cmake\\3.10.2.4988404\\bin\\cmake.exe -HE:\\AndroidStudioprojects\\youbesun\\LearnExamples\\binderlearn\\.cxx\\cmake\\release\\arm64-v8a\\CMakeFiles\\CMakeTmp -BE:\\AndroidStudioprojects\\youbesun\\LearnExamples\\binderlearn\\.cxx\\cmake\\release\\arm64-v8a\\CMakeFiles\\CMakeTmp\r\n    ninja: error: rebuilding \u0027build.ninja\u0027: subcommand failed\r\n    \n\n  \n\n  CMake will not be able to correctly generate this project.\nCall Stack (most recent call first):\n  CMakeLists.txt\n\n\nConfiguring incomplete, errors occurred!\nSee also \"E:/AndroidStudioprojects/youbesun/LearnExamples/binderlearn/.cxx/cmake/release/arm64-v8a/CMakeFiles/CMakeError.log\".\n"
  }
]